Summary:
testGetCompactionBuckets sometimes fail
Description:
testGetCompactionBuckets fails randomly on the exact same build of Cassandra. Not sure how to reproduce it.
The only log output I have:
[testng] FAILED: testGetCompactionBuckets
[testng] java.lang.AssertionError
[testng] at org.apache.cassandra.db.ColumnFamilyStoreTest.testGetCompactionBuckets(Unknown Source)
[testng] ... Removed 22 stack frames
Status:
RESOLVED
Priority:
Normal
Resolution:
Fixed
Affects_version:

Fix_version:
0.3
Component:
None
Label:
None
Environment:

Attachment number:
0
Assignee:
Jonathan Ellis
Reporter:
Johan Oskarsson
Create date:
06/Apr/09 17:05
Update date:
16/Apr/19 09:33
Resolved date:
10/Apr/09 19:09
